<?xml version="1.0" encoding="UTF-8"?>
<!-- Generated by org.testng.reporters.JUnitXMLReporter -->
<testsuite ignored="0" hostname="LAPTOP-G3OC30N8" failures="0" tests="8" name="Justdial Test Cases" time="8.661" errors="0" timestamp="2023-06-13T23:37:33 IST">
  <testcase classname="com.justdial.qa.testcases.homePageTestCases" name="cityBoxIsDisplayed" time="0.165"/>
  <testcase classname="com.justdial.qa.testcases.homePageTestCases" name="freeListingLinkTest" time="0.044"/>
  <testcase classname="com.justdial.qa.testcases.homePageTestCases" name="gymButtonTest" time="0.039"/>
  <testcase classname="com.justdial.qa.testcases.homePageTestCases" name="loginOrSignUpLinkTest" time="0.027"/>
  <testcase classname="com.justdial.qa.testcases.homePageTestCases" name="logoValidationTest" time="0.029"/>
  <testcase classname="com.justdial.qa.testcases.homePageTestCases" name="searchEngineIsDisplayed" time="0.022"/>
  <testcase classname="com.justdial.qa.testcases.homePageTestCases" name="pageTitleValidationTest" time="0.009"/>
  <testcase classname="com.justdial.qa.testcases.homePageTestCases" name="cityIsChangeableTest" time="4.203"/>
</testsuite> <!-- Justdial Test Cases -->
