<?xml version="1.0" encoding="UTF-8"?>
<!-- Generated by org.testng.reporters.JUnitXMLReporter -->
<testsuite ignored="0" hostname="LAPTOP-G3OC30N8" failures="0" tests="7" name="Default test" time="28.287" errors="0" timestamp="2023-06-17T22:27:26 IST">
  <testcase classname="com.justdial.qa.testcases.WashingServiceResultsTestPage" name="invokeHomePageActions" time="4.931"/>
  <testcase classname="com.justdial.qa.testcases.WashingServiceResultsTestPage" name="titleValidationWashingServicesTestCase" time="1.46"/>
  <testcase classname="com.justdial.qa.testcases.WashingServiceResultsTestPage" name="resultHeaderTextDisplayTest" time="0.179"/>
  <testcase classname="com.justdial.qa.testcases.WashingServiceResultsTestPage" name="topRatedButtonIsDisplayedTest" time="0.199"/>
  <testcase classname="com.justdial.qa.testcases.WashingServiceResultsTestPage" name="topRatedButtonIsClickableTest" time="0.017"/>
  <testcase classname="com.justdial.qa.testcases.WashingServiceResultsTestPage" name="displayListOfTop5CarWashingServices" time="2.696"/>
  <testcase classname="com.justdial.qa.testcases.WashingServiceResultsTestPage" name="navigateBack" time="7.752"/>
</testsuite> <!-- Default test -->
