<?xml version="1.0" encoding="UTF-8"?>
<!-- Generated by org.testng.reporters.JUnitXMLReporter -->
<testsuite ignored="0" hostname="LAPTOP-G3OC30N8" failures="1" tests="6" name="Washing Services Page Test Cases" time="19.06" errors="0" timestamp="2023-06-16T22:28:36 IST">
  <testcase classname="com.justdial.qa.testcases.WashingServiceResultsTestPage" name="invokeHomePageActions" time="4.879"/>
  <testcase classname="com.justdial.qa.testcases.WashingServiceResultsTestPage" name="titleValidationWashingServicesTestCase" time="1.372"/>
  <testcase classname="com.justdial.qa.testcases.WashingServiceResultsTestPage" name="resultHeaderTextDisplayText" time="0.314">
    <failure type="java.lang.AssertionError" message="expected [Car Washing Services in Garia Main Road garia, Kolkata] but found [Car Washing Services in Garia Main Road-Garia, Kolkata]">
      <![CDATA[java.lang.AssertionError: expected [Car Washing Services in Garia Main Road garia, Kolkata] but found [Car Washing Services in Garia Main Road-Garia, Kolkata]
at com.justdial.qa.testcases.WashingServiceResultsTestPage.resultHeaderTextDisplayText(WashingServiceResultsTestPage.java:62)
at java.base/java.util.ArrayList.forEach(ArrayList.java:1511)
... Removed 33 stack frames]]>
    </failure>
  </testcase> <!-- resultHeaderTextDisplayText -->
  <testcase classname="com.justdial.qa.testcases.WashingServiceResultsTestPage" name="topRatedButtonIsDisplayedTest" time="0.035"/>
  <testcase classname="com.justdial.qa.testcases.WashingServiceResultsTestPage" name="topRatedButtonIsClickableTest" time="0.019"/>
  <testcase classname="com.justdial.qa.testcases.WashingServiceResultsTestPage" name="displayListOfTop5CarWashingServices" time="2.19"/>
</testsuite> <!-- Washing Services Page Test Cases -->
