<?xml version="1.0" encoding="UTF-8"?>
<!-- Generated by org.testng.reporters.JUnitXMLReporter -->
<testsuite ignored="0" hostname="LAPTOP-G3OC30N8" failures="7" tests="34" name="All Test Cases" time="124.999" errors="0" timestamp="2023-06-17T22:08:59 IST">
  <testcase classname="com.justdial.qa.testcases.WashingServiceResultsTestPage" name="@AfterClass tearDown" time="0.001">
    <failure type="java.lang.IllegalStateException" message="No reporters were started. Atleast 1 reporter must be started to flush results.">
      <![CDATA[java.lang.IllegalStateException: No reporters were started. Atleast 1 reporter must be started to flush results.
at com.aventstack.extentreports.Report.flush(Report.java:166)
at com.aventstack.extentreports.ExtentReports.flush(ExtentReports.java:270)
at com.justdial.qa.testcases.WashingServiceResultsTestPage.tearDown(WashingServiceResultsTestPage.java:177)
at java.base/java.util.ArrayList.forEach(ArrayList.java:1511)
... Removed 25 stack frames]]>
    </failure>
  </testcase> <!-- @AfterClass tearDown -->
  <testcase classname="com.justdial.qa.testcases.WashingServiceResultsTestPage" name="@AfterTest reportFlush" time="0.0">
    <failure type="java.lang.IllegalStateException" message="No reporters were started. Atleast 1 reporter must be started to flush results.">
      <![CDATA[java.lang.IllegalStateException: No reporters were started. Atleast 1 reporter must be started to flush results.
at com.aventstack.extentreports.Report.flush(Report.java:166)
at com.aventstack.extentreports.ExtentReports.flush(ExtentReports.java:270)
at com.justdial.qa.testcases.WashingServiceResultsTestPage.reportFlush(WashingServiceResultsTestPage.java:68)
... Removed 24 stack frames]]>
    </failure>
  </testcase> <!-- @AfterTest reportFlush -->
  <testcase classname="com.justdial.qa.testcases.homePageTestCases" name="@AfterTest reportFlush" time="-1.687019939607E9">
    <skipped/>
  </testcase> <!-- @AfterTest reportFlush -->
  <testcase classname="com.justdial.qa.testcases.homePageTestCases" name="cityBoxIsDisplayed" time="0.117"/>
  <testcase classname="com.justdial.qa.testcases.homePageTestCases" name="freeListingLinkTest" time="0.134"/>
  <testcase classname="com.justdial.qa.testcases.homePageTestCases" name="gymButtonTest" time="2.114"/>
  <testcase classname="com.justdial.qa.testcases.homePageTestCases" name="loginOrSignUpLinkTest" time="2.273"/>
  <testcase classname="com.justdial.qa.testcases.homePageTestCases" name="logoValidationTest" time="0.867"/>
  <testcase classname="com.justdial.qa.testcases.homePageTestCases" name="searchEngineIsDisplayed" time="0.052"/>
  <testcase classname="com.justdial.qa.testcases.homePageTestCases" name="pageTitleValidationTest" time="0.01"/>
  <testcase classname="com.justdial.qa.testcases.homePageTestCases" name="cityIsChangeableTest" time="4.288"/>
  <testcase classname="com.justdial.qa.testcases.WashingServiceResultsTestPage" name="invokeHomePageActions" time="0.001">
    <failure type="java.lang.IllegalStateException" message="No reporters were started. Atleast 1 reporter must be started to create tests.">
      <![CDATA[java.lang.IllegalStateException: No reporters were started. Atleast 1 reporter must be started to create tests.
at com.aventstack.extentreports.Report.createTest(Report.java:64)
at com.aventstack.extentreports.ExtentReports.createTest(ExtentReports.java:230)
at com.aventstack.extentreports.ExtentReports.createTest(ExtentReports.java:243)
at com.justdial.qa.testcases.WashingServiceResultsTestPage.invokeHomePageActions(WashingServiceResultsTestPage.java:73)
at java.base/java.util.ArrayList.forEach(ArrayList.java:1511)
... Removed 27 stack frames]]>
    </failure>
  </testcase> <!-- invokeHomePageActions -->
  <testcase classname="com.justdial.qa.testcases.WashingServiceResultsTestPage" name="titleValidationWashingServicesTestCase" time="0.011">
    <failure type="java.lang.IllegalStateException" message="No reporters were started. Atleast 1 reporter must be started to create tests.">
      <![CDATA[java.lang.IllegalStateException: No reporters were started. Atleast 1 reporter must be started to create tests.
at com.aventstack.extentreports.Report.createTest(Report.java:64)
at com.aventstack.extentreports.ExtentReports.createTest(ExtentReports.java:230)
at com.aventstack.extentreports.ExtentReports.createTest(ExtentReports.java:243)
at com.justdial.qa.testcases.WashingServiceResultsTestPage.titleValidationWashingServicesTestCase(WashingServiceResultsTestPage.java:89)
at java.base/java.util.ArrayList.forEach(ArrayList.java:1511)
... Removed 27 stack frames]]>
    </failure>
  </testcase> <!-- titleValidationWashingServicesTestCase -->
  <testcase classname="com.justdial.qa.testcases.WashingServiceResultsTestPage" name="resultHeaderTextDisplayTest" time="0.001">
    <failure type="java.lang.IllegalStateException" message="No reporters were started. Atleast 1 reporter must be started to create tests.">
      <![CDATA[java.lang.IllegalStateException: No reporters were started. Atleast 1 reporter must be started to create tests.
at com.aventstack.extentreports.Report.createTest(Report.java:64)
at com.aventstack.extentreports.ExtentReports.createTest(ExtentReports.java:230)
at com.aventstack.extentreports.ExtentReports.createTest(ExtentReports.java:243)
at com.justdial.qa.testcases.WashingServiceResultsTestPage.resultHeaderTextDisplayTest(WashingServiceResultsTestPage.java:103)
at java.base/java.util.ArrayList.forEach(ArrayList.java:1511)
... Removed 27 stack frames]]>
    </failure>
  </testcase> <!-- resultHeaderTextDisplayTest -->
  <testcase classname="com.justdial.qa.testcases.WashingServiceResultsTestPage" name="topRatedButtonIsDisplayedTest" time="0.001">
    <failure type="java.lang.IllegalStateException" message="No reporters were started. Atleast 1 reporter must be started to create tests.">
      <![CDATA[java.lang.IllegalStateException: No reporters were started. Atleast 1 reporter must be started to create tests.
at com.aventstack.extentreports.Report.createTest(Report.java:64)
at com.aventstack.extentreports.ExtentReports.createTest(ExtentReports.java:230)
at com.aventstack.extentreports.ExtentReports.createTest(ExtentReports.java:243)
at com.justdial.qa.testcases.WashingServiceResultsTestPage.topRatedButtonIsDisplayedTest(WashingServiceResultsTestPage.java:120)
at java.base/java.util.ArrayList.forEach(ArrayList.java:1511)
... Removed 27 stack frames]]>
    </failure>
  </testcase> <!-- topRatedButtonIsDisplayedTest -->
  <testcase classname="com.justdial.qa.testcases.WashingServiceResultsTestPage" name="topRatedButtonIsClickableTest" time="0.001">
    <failure type="java.lang.IllegalStateException" message="No reporters were started. Atleast 1 reporter must be started to create tests.">
      <![CDATA[java.lang.IllegalStateException: No reporters were started. Atleast 1 reporter must be started to create tests.
at com.aventstack.extentreports.Report.createTest(Report.java:64)
at com.aventstack.extentreports.ExtentReports.createTest(ExtentReports.java:230)
at com.aventstack.extentreports.ExtentReports.createTest(ExtentReports.java:243)
at com.justdial.qa.testcases.WashingServiceResultsTestPage.topRatedButtonIsClickableTest(WashingServiceResultsTestPage.java:133)
at java.base/java.util.ArrayList.forEach(ArrayList.java:1511)
... Removed 27 stack frames]]>
    </failure>
  </testcase> <!-- topRatedButtonIsClickableTest -->
  <testcase classname="com.justdial.qa.testcases.WashingServiceResultsTestPage" name="displayListOfTop5CarWashingServices" time="0.001">
    <failure type="java.lang.IllegalStateException" message="No reporters were started. Atleast 1 reporter must be started to create tests.">
      <![CDATA[java.lang.IllegalStateException: No reporters were started. Atleast 1 reporter must be started to create tests.
at com.aventstack.extentreports.Report.createTest(Report.java:64)
at com.aventstack.extentreports.ExtentReports.createTest(ExtentReports.java:230)
at com.aventstack.extentreports.ExtentReports.createTest(ExtentReports.java:243)
at com.justdial.qa.testcases.WashingServiceResultsTestPage.displayListOfTop5CarWashingServices(WashingServiceResultsTestPage.java:146)
at java.base/java.util.ArrayList.forEach(ArrayList.java:1511)
... Removed 27 stack frames]]>
    </failure>
  </testcase> <!-- displayListOfTop5CarWashingServices -->
  <testcase classname="com.justdial.qa.testcases.WashingServiceResultsTestPage" name="navigateBack" time="0.001">
    <failure type="java.lang.IllegalStateException" message="No reporters were started. Atleast 1 reporter must be started to create tests.">
      <![CDATA[java.lang.IllegalStateException: No reporters were started. Atleast 1 reporter must be started to create tests.
at com.aventstack.extentreports.Report.createTest(Report.java:64)
at com.aventstack.extentreports.ExtentReports.createTest(ExtentReports.java:230)
at com.aventstack.extentreports.ExtentReports.createTest(ExtentReports.java:243)
at com.justdial.qa.testcases.WashingServiceResultsTestPage.navigateBack(WashingServiceResultsTestPage.java:163)
at java.base/java.util.ArrayList.forEach(ArrayList.java:1511)
... Removed 27 stack frames]]>
    </failure>
  </testcase> <!-- navigateBack -->
  <testcase classname="com.justdial.qa.testcases.FreeListingTestCases" name="invokeHomePage" time="2.587"/>
  <testcase classname="com.justdial.qa.testcases.FreeListingTestCases" name="mandatoryFieldTextTest" time="1.041"/>
  <testcase classname="com.justdial.qa.testcases.FreeListingTestCases" name="verifyTitleTest" time="0.018"/>
  <testcase classname="com.justdial.qa.testcases.FreeListingTestCases" name="freeListingLogoTest" time="0.077"/>
  <testcase classname="com.justdial.qa.testcases.FreeListingTestCases" name="verifyTextTest" time="0.15"/>
  <testcase classname="com.justdial.qa.testcases.FreeListingTestCases" name="allNullValue" time="3.967"/>
  <testcase classname="com.justdial.qa.testcases.FreeListingTestCases" name="invalidCityNameTest" time="7.495"/>
  <testcase classname="com.justdial.qa.testcases.FreeListingTestCases" name="companyFieldNull" time="8.164"/>
  <testcase classname="com.justdial.qa.testcases.FreeListingTestCases" name="mobileFieldNullTest" time="5.471"/>
  <testcase classname="com.justdial.qa.testcases.FreeListingTestCases" name="cityIsBlankTest" time="8.592"/>
  <testcase classname="com.justdial.qa.testcases.FreeListingTestCases" name="invalidPhoneNumber" time="7.901"/>
  <testcase classname="com.justdial.qa.testcases.FreeListingTestCases" name="allValidData" time="10.381"/>
  <testcase classname="com.justdial.qa.testcases.GymListingTestCases" name="invokeHomePage" time="1.14"/>
  <testcase classname="com.justdial.qa.testcases.GymListingTestCases" name="filterDivTest" time="2.241"/>
  <testcase classname="com.justdial.qa.testcases.GymListingTestCases" name="resultBoxDisplayedTest" time="0.108"/>
  <testcase classname="com.justdial.qa.testcases.GymListingTestCases" name="validateGymPageTitleTest" time="0.015"/>
  <testcase classname="com.justdial.qa.testcases.GymListingTestCases" name="validateResultHeaderTest" time="0.044"/>
  <testcase classname="com.justdial.qa.testcases.GymListingTestCases" name="displayListOfGymsTest" time="0.716"/>
  <testcase classname="com.justdial.qa.testcases.GymListingTestCases" name="navigateBack" time="8.338"/>
</testsuite> <!-- All Test Cases -->
