<?xml version="1.0" encoding="UTF-8"?>
<!-- Generated by org.testng.reporters.JUnitXMLReporter -->
<testsuite ignored="0" hostname="LAPTOP-G3OC30N8" failures="0" tests="8" name="Home Page Test Cases" time="16.571" errors="0" timestamp="2023-06-16T22:29:19 IST">
  <testcase classname="com.justdial.qa.testcases.homePageTestCases" name="cityBoxIsDisplayed" time="0.061"/>
  <testcase classname="com.justdial.qa.testcases.homePageTestCases" name="freeListingLinkTest" time="0.038"/>
  <testcase classname="com.justdial.qa.testcases.homePageTestCases" name="gymButtonTest" time="2.051"/>
  <testcase classname="com.justdial.qa.testcases.homePageTestCases" name="loginOrSignUpLinkTest" time="0.024"/>
  <testcase classname="com.justdial.qa.testcases.homePageTestCases" name="logoValidationTest" time="0.024"/>
  <testcase classname="com.justdial.qa.testcases.homePageTestCases" name="searchEngineIsDisplayed" time="0.021"/>
  <testcase classname="com.justdial.qa.testcases.homePageTestCases" name="pageTitleValidationTest" time="0.007"/>
  <testcase classname="com.justdial.qa.testcases.homePageTestCases" name="cityIsChangeableTest" time="4.165"/>
</testsuite> <!-- Home Page Test Cases -->
